<?xml version="1.0" encoding="UTF-8"?>
<testsuite name="frc.robot.subsystems.drive.DriveBaseSubTest" tests="1" skipped="0" failures="0" errors="0" timestamp="2019-12-22T04:50:29" hostname="MacBook-Pro.local" time="0.475">
  <properties/>
  <testcase name="firstTest" classname="frc.robot.subsystems.drive.DriveBaseSubTest" time="0.475"/>
  <system-out><![CDATA[]]></system-out>
  <system-err><![CDATA[]]></system-err>
</testsuite>
